<?xml version="1.0" encoding="UTF-8"?>
<!-- Generated by org.testng.reporters.JUnitReportReporter -->
<testsuite skipped="0" hostname="MAVBCP3325" name="com.picnic.CrossBrowserScript" tests="2" failures="0" timestamp="2021-09-17T10:49:22 IST" time="30.467" errors="0">
  <testcase name="testParameterWithXML" time="15.062" classname="com.picnic.CrossBrowserScript"/>
  <system-out/>
  <testcase name="testParameterWithXML" time="15.405" classname="com.picnic.CrossBrowserScript"/>
  <system-out/>
</testsuite> <!-- com.picnic.CrossBrowserScript -->
