<?xml version="1.0" encoding="UTF-8"?>
<!-- Generated by org.testng.reporters.JUnitReportReporter -->
<testsuite hostname="MAVBCP3325" failures="0" tests="2" name="com.picnic.SampleSelenium" time="20.889" errors="0" timestamp="2021-09-15T22:11:47 IST" skipped="0">
  <testcase classname="com.picnic.SampleSelenium" name="TestMethod" time="11.995"/>
  <system-out/>
  <testcase classname="com.picnic.SampleSelenium" name="TestMethod2" time="8.894"/>
  <system-out/>
</testsuite> <!-- com.picnic.SampleSelenium -->
