<?xml version="1.0" encoding="UTF-8"?>
<!-- Generated by org.testng.reporters.JUnitReportReporter -->
<testsuite hostname="MAVBCP3325" failures="0" tests="2" name="com.picnic.CrossBrowserScript" time="65.819" errors="0" timestamp="2021-09-17T09:08:56 IST" skipped="0">
  <testcase classname="com.picnic.CrossBrowserScript" name="testParameterWithXML" time="43.287"/>
  <system-out/>
  <testcase classname="com.picnic.CrossBrowserScript" name="testParameterWithXML" time="22.532"/>
  <system-out/>
</testsuite> <!-- com.picnic.CrossBrowserScript -->
